<?xml version="1.0" encoding="UTF-8"?>
<testng-results skipped="5" failed="0" total="27" passed="22">
  <reporter-output>
  </reporter-output>
  <suite name="Test suite" duration-ms="239146" started-at="2015-01-14T23:40:58Z" finished-at="2015-01-14T23:44:57Z">
    <groups>
      <group name="CSSPatternsTest">
        <method signature="VerifyComponents.testVerifyAccordion()[pri:0, instance:com.tek.test.patterns.VerifyComponents@ea4a92b]" name="testVerifyAccordion" class="com.tek.test.patterns.VerifyComponents"/>
        <method signature="VerifyComponents.testVerifyButton()[pri:0, instance:com.tek.test.patterns.VerifyComponents@ea4a92b]" name="testVerifyButton" class="com.tek.test.patterns.VerifyComponents"/>
        <method signature="VerifyComponents.testVerifyCarousel()[pri:0, instance:com.tek.test.patterns.VerifyComponents@ea4a92b]" name="testVerifyCarousel" class="com.tek.test.patterns.VerifyComponents"/>
        <method signature="VerifyComponents.testVerifyColorSelector()[pri:0, instance:com.tek.test.patterns.VerifyComponents@ea4a92b]" name="testVerifyColorSelector" class="com.tek.test.patterns.VerifyComponents"/>
        <method signature="VerifyComponents.testVerifyDropDown()[pri:0, instance:com.tek.test.patterns.VerifyComponents@ea4a92b]" name="testVerifyDropDown" class="com.tek.test.patterns.VerifyComponents"/>
        <method signature="VerifyComponents.testVerifyAccordion()[pri:0, instance:com.tek.test.patterns.VerifyComponents@1134affc]" name="testVerifyAccordion" class="com.tek.test.patterns.VerifyComponents"/>
        <method signature="VerifyComponents.testVerifyButton()[pri:0, instance:com.tek.test.patterns.VerifyComponents@1134affc]" name="testVerifyButton" class="com.tek.test.patterns.VerifyComponents"/>
        <method signature="VerifyComponents.testVerifyCarousel()[pri:0, instance:com.tek.test.patterns.VerifyComponents@1134affc]" name="testVerifyCarousel" class="com.tek.test.patterns.VerifyComponents"/>
        <method signature="VerifyComponents.testVerifyColorSelector()[pri:0, instance:com.tek.test.patterns.VerifyComponents@1134affc]" name="testVerifyColorSelector" class="com.tek.test.patterns.VerifyComponents"/>
        <method signature="VerifyComponents.testVerifyDropDown()[pri:0, instance:com.tek.test.patterns.VerifyComponents@1134affc]" name="testVerifyDropDown" class="com.tek.test.patterns.VerifyComponents"/>
        <method signature="VerifyComponents.testVerifyAccordion()[pri:0, instance:com.tek.test.patterns.VerifyComponents@2752f6e2]" name="testVerifyAccordion" class="com.tek.test.patterns.VerifyComponents"/>
        <method signature="VerifyComponents.testVerifyButton()[pri:0, instance:com.tek.test.patterns.VerifyComponents@2752f6e2]" name="testVerifyButton" class="com.tek.test.patterns.VerifyComponents"/>
        <method signature="VerifyComponents.testVerifyCarousel()[pri:0, instance:com.tek.test.patterns.VerifyComponents@2752f6e2]" name="testVerifyCarousel" class="com.tek.test.patterns.VerifyComponents"/>
        <method signature="VerifyComponents.testVerifyColorSelector()[pri:0, instance:com.tek.test.patterns.VerifyComponents@2752f6e2]" name="testVerifyColorSelector" class="com.tek.test.patterns.VerifyComponents"/>
        <method signature="VerifyComponents.testVerifyDropDown()[pri:0, instance:com.tek.test.patterns.VerifyComponents@2752f6e2]" name="testVerifyDropDown" class="com.tek.test.patterns.VerifyComponents"/>
      </group> <!-- CSSPatternsTest -->
      <group name="ATTPatternsTest">
        <method signature="VerifyPatternsOnSite.testVerifyAccordian()[pri:0, instance:com.tek.test.patterns.VerifyPatternsOnSite@546a03af]" name="testVerifyAccordian" class="com.tek.test.patterns.VerifyPatternsOnSite"/>
        <method signature="VerifyPatternsOnSite.testVerifyButton()[pri:0, instance:com.tek.test.patterns.VerifyPatternsOnSite@546a03af]" name="testVerifyButton" class="com.tek.test.patterns.VerifyPatternsOnSite"/>
        <method signature="VerifyPatternsOnSite.testVerifyCarousel()[pri:0, instance:com.tek.test.patterns.VerifyPatternsOnSite@546a03af]" name="testVerifyCarousel" class="com.tek.test.patterns.VerifyPatternsOnSite"/>
        <method signature="VerifyPatternsOnSite.testVerifyColorSelector()[pri:0, instance:com.tek.test.patterns.VerifyPatternsOnSite@546a03af]" name="testVerifyColorSelector" class="com.tek.test.patterns.VerifyPatternsOnSite"/>
        <method signature="VerifyPatternsOnSite.testVerifyAccordian()[pri:0, instance:com.tek.test.patterns.VerifyPatternsOnSite@56cbfb61]" name="testVerifyAccordian" class="com.tek.test.patterns.VerifyPatternsOnSite"/>
        <method signature="VerifyPatternsOnSite.testVerifyButton()[pri:0, instance:com.tek.test.patterns.VerifyPatternsOnSite@56cbfb61]" name="testVerifyButton" class="com.tek.test.patterns.VerifyPatternsOnSite"/>
        <method signature="VerifyPatternsOnSite.testVerifyCarousel()[pri:0, instance:com.tek.test.patterns.VerifyPatternsOnSite@56cbfb61]" name="testVerifyCarousel" class="com.tek.test.patterns.VerifyPatternsOnSite"/>
        <method signature="VerifyPatternsOnSite.testVerifyColorSelector()[pri:0, instance:com.tek.test.patterns.VerifyPatternsOnSite@56cbfb61]" name="testVerifyColorSelector" class="com.tek.test.patterns.VerifyPatternsOnSite"/>
        <method signature="VerifyPatternsOnSite.testVerifyAccordian()[pri:0, instance:com.tek.test.patterns.VerifyPatternsOnSite@6b71769e]" name="testVerifyAccordian" class="com.tek.test.patterns.VerifyPatternsOnSite"/>
        <method signature="VerifyPatternsOnSite.testVerifyButton()[pri:0, instance:com.tek.test.patterns.VerifyPatternsOnSite@6b71769e]" name="testVerifyButton" class="com.tek.test.patterns.VerifyPatternsOnSite"/>
        <method signature="VerifyPatternsOnSite.testVerifyCarousel()[pri:0, instance:com.tek.test.patterns.VerifyPatternsOnSite@6b71769e]" name="testVerifyCarousel" class="com.tek.test.patterns.VerifyPatternsOnSite"/>
        <method signature="VerifyPatternsOnSite.testVerifyColorSelector()[pri:0, instance:com.tek.test.patterns.VerifyPatternsOnSite@6b71769e]" name="testVerifyColorSelector" class="com.tek.test.patterns.VerifyPatternsOnSite"/>
      </group> <!-- ATTPatternsTest -->
    </groups>
    <test name="Firefox test" duration-ms="84031" started-at="2015-01-14T23:40:58Z" finished-at="2015-01-14T23:42:22Z">
      <class name="com.tek.test.patterns.VerifyComponents">
        <test-method status="PASS" signature="intialSetUp(java.lang.String)[pri:0, instance:com.tek.test.patterns.VerifyComponents@ea4a92b]" name="intialSetUp" is-config="true" duration-ms="13089" started-at="2015-01-14T17:40:58Z" finished-at="2015-01-14T17:41:11Z">
          <params>
            <param index="0">
              <value>
                <![CDATA[FireFox]]>
              </value>
            </param>
          </params>
          <reporter-output>
          </reporter-output>
        </test-method> <!-- intialSetUp -->
        <test-method status="PASS" signature="testVerifyButton()[pri:0, instance:com.tek.test.patterns.VerifyComponents@ea4a92b]" name="testVerifyButton" duration-ms="1622" started-at="2015-01-14T17:41:11Z" finished-at="2015-01-14T17:41:12Z">
          <reporter-output>
          </reporter-output>
        </test-method> <!-- testVerifyButton -->
        <test-method status="PASS" signature="testVerifyDropDown()[pri:0, instance:com.tek.test.patterns.VerifyComponents@ea4a92b]" name="testVerifyDropDown" duration-ms="5227" started-at="2015-01-14T17:41:12Z" finished-at="2015-01-14T17:41:17Z">
          <reporter-output>
          </reporter-output>
        </test-method> <!-- testVerifyDropDown -->
        <test-method status="PASS" signature="testVerifyColorSelector()[pri:0, instance:com.tek.test.patterns.VerifyComponents@ea4a92b]" name="testVerifyColorSelector" duration-ms="610" started-at="2015-01-14T17:41:17Z" finished-at="2015-01-14T17:41:18Z">
          <reporter-output>
          </reporter-output>
        </test-method> <!-- testVerifyColorSelector -->
        <test-method status="PASS" signature="testVerifyAccordion()[pri:0, instance:com.tek.test.patterns.VerifyComponents@ea4a92b]" name="testVerifyAccordion" duration-ms="161" started-at="2015-01-14T17:41:18Z" finished-at="2015-01-14T17:41:18Z">
          <reporter-output>
          </reporter-output>
        </test-method> <!-- testVerifyAccordion -->
        <test-method status="PASS" signature="testVerifyCarousel()[pri:0, instance:com.tek.test.patterns.VerifyComponents@ea4a92b]" name="testVerifyCarousel" duration-ms="1005" started-at="2015-01-14T17:41:18Z" finished-at="2015-01-14T17:41:19Z">
          <reporter-output>
          </reporter-output>
        </test-method> <!-- testVerifyCarousel -->
        <test-method status="PASS" signature="closureMethod()[pri:0, instance:com.tek.test.patterns.VerifyComponents@ea4a92b]" name="closureMethod" is-config="true" duration-ms="10" started-at="2015-01-14T17:41:19Z" finished-at="2015-01-14T17:41:19Z">
          <reporter-output>
          </reporter-output>
        </test-method> <!-- closureMethod -->
      </class> <!-- com.tek.test.patterns.VerifyComponents -->
      <class name="com.tek.test.patterns.VerifyPatternsOnSite">
        <test-method status="PASS" signature="intialSetUp(java.lang.String)[pri:0, instance:com.tek.test.patterns.VerifyPatternsOnSite@546a03af]" name="intialSetUp" is-config="true" duration-ms="4596" started-at="2015-01-14T17:41:19Z" finished-at="2015-01-14T17:41:24Z">
          <params>
            <param index="0">
              <value>
                <![CDATA[FireFox]]>
              </value>
            </param>
          </params>
          <reporter-output>
          </reporter-output>
        </test-method> <!-- intialSetUp -->
        <test-method status="PASS" signature="testVerifyButton()[pri:0, instance:com.tek.test.patterns.VerifyPatternsOnSite@546a03af]" name="testVerifyButton" duration-ms="11356" started-at="2015-01-14T17:41:24Z" finished-at="2015-01-14T17:41:35Z">
          <reporter-output>
          </reporter-output>
        </test-method> <!-- testVerifyButton -->
        <test-method status="PASS" signature="testVerifyAccordian()[pri:0, instance:com.tek.test.patterns.VerifyPatternsOnSite@546a03af]" name="testVerifyAccordian" duration-ms="12379" started-at="2015-01-14T17:41:35Z" finished-at="2015-01-14T17:41:48Z">
          <reporter-output>
          </reporter-output>
        </test-method> <!-- testVerifyAccordian -->
        <test-method status="PASS" signature="testVerifyColorSelector()[pri:0, instance:com.tek.test.patterns.VerifyPatternsOnSite@546a03af]" name="testVerifyColorSelector" duration-ms="18472" started-at="2015-01-14T17:41:48Z" finished-at="2015-01-14T17:42:06Z">
          <reporter-output>
          </reporter-output>
        </test-method> <!-- testVerifyColorSelector -->
        <test-method status="PASS" signature="testVerifyCarousel()[pri:0, instance:com.tek.test.patterns.VerifyPatternsOnSite@546a03af]" name="testVerifyCarousel" duration-ms="15478" started-at="2015-01-14T17:42:06Z" finished-at="2015-01-14T17:42:22Z">
          <reporter-output>
          </reporter-output>
        </test-method> <!-- testVerifyCarousel -->
        <test-method status="PASS" signature="closureMethod()[pri:0, instance:com.tek.test.patterns.VerifyPatternsOnSite@546a03af]" name="closureMethod" is-config="true" duration-ms="8" started-at="2015-01-14T17:42:22Z" finished-at="2015-01-14T17:42:22Z">
          <reporter-output>
          </reporter-output>
        </test-method> <!-- closureMethod -->
      </class> <!-- com.tek.test.patterns.VerifyPatternsOnSite -->
    </test> <!-- Firefox test -->
    <test name="Chrome test" duration-ms="79442" started-at="2015-01-14T23:42:22Z" finished-at="2015-01-14T23:43:41Z">
      <class name="com.tek.test.patterns.VerifyComponents">
        <test-method status="PASS" signature="intialSetUp(java.lang.String)[pri:0, instance:com.tek.test.patterns.VerifyComponents@1134affc]" name="intialSetUp" is-config="true" duration-ms="15793" started-at="2015-01-14T17:42:22Z" finished-at="2015-01-14T17:42:37Z">
          <params>
            <param index="0">
              <value>
                <![CDATA[Chrome]]>
              </value>
            </param>
          </params>
          <reporter-output>
          </reporter-output>
        </test-method> <!-- intialSetUp -->
        <test-method status="PASS" signature="testVerifyButton()[pri:0, instance:com.tek.test.patterns.VerifyComponents@1134affc]" name="testVerifyButton" duration-ms="3357" started-at="2015-01-14T17:42:37Z" finished-at="2015-01-14T17:42:41Z">
          <reporter-output>
          </reporter-output>
        </test-method> <!-- testVerifyButton -->
        <test-method status="PASS" signature="testVerifyDropDown()[pri:0, instance:com.tek.test.patterns.VerifyComponents@1134affc]" name="testVerifyDropDown" duration-ms="584" started-at="2015-01-14T17:42:41Z" finished-at="2015-01-14T17:42:41Z">
          <reporter-output>
          </reporter-output>
        </test-method> <!-- testVerifyDropDown -->
        <test-method status="PASS" signature="testVerifyColorSelector()[pri:0, instance:com.tek.test.patterns.VerifyComponents@1134affc]" name="testVerifyColorSelector" duration-ms="471" started-at="2015-01-14T17:42:41Z" finished-at="2015-01-14T17:42:42Z">
          <reporter-output>
          </reporter-output>
        </test-method> <!-- testVerifyColorSelector -->
        <test-method status="PASS" signature="testVerifyAccordion()[pri:0, instance:com.tek.test.patterns.VerifyComponents@1134affc]" name="testVerifyAccordion" duration-ms="211" started-at="2015-01-14T17:42:42Z" finished-at="2015-01-14T17:42:42Z">
          <reporter-output>
          </reporter-output>
        </test-method> <!-- testVerifyAccordion -->
        <test-method status="PASS" signature="testVerifyCarousel()[pri:0, instance:com.tek.test.patterns.VerifyComponents@1134affc]" name="testVerifyCarousel" duration-ms="1109" started-at="2015-01-14T17:42:42Z" finished-at="2015-01-14T17:42:43Z">
          <reporter-output>
          </reporter-output>
        </test-method> <!-- testVerifyCarousel -->
        <test-method status="PASS" signature="closureMethod()[pri:0, instance:com.tek.test.patterns.VerifyComponents@1134affc]" name="closureMethod" is-config="true" duration-ms="1534" started-at="2015-01-14T17:42:43Z" finished-at="2015-01-14T17:42:45Z">
          <reporter-output>
          </reporter-output>
        </test-method> <!-- closureMethod -->
      </class> <!-- com.tek.test.patterns.VerifyComponents -->
      <class name="com.tek.test.patterns.VerifyPatternsOnSite">
        <test-method status="PASS" signature="intialSetUp(java.lang.String)[pri:0, instance:com.tek.test.patterns.VerifyPatternsOnSite@56cbfb61]" name="intialSetUp" is-config="true" duration-ms="3252" started-at="2015-01-14T17:42:45Z" finished-at="2015-01-14T17:42:48Z">
          <params>
            <param index="0">
              <value>
                <![CDATA[Chrome]]>
              </value>
            </param>
          </params>
          <reporter-output>
          </reporter-output>
        </test-method> <!-- intialSetUp -->
        <test-method status="PASS" signature="testVerifyButton()[pri:0, instance:com.tek.test.patterns.VerifyPatternsOnSite@56cbfb61]" name="testVerifyButton" duration-ms="10448" started-at="2015-01-14T17:42:48Z" finished-at="2015-01-14T17:42:58Z">
          <reporter-output>
          </reporter-output>
        </test-method> <!-- testVerifyButton -->
        <test-method status="PASS" signature="testVerifyAccordian()[pri:0, instance:com.tek.test.patterns.VerifyPatternsOnSite@56cbfb61]" name="testVerifyAccordian" duration-ms="12021" started-at="2015-01-14T17:42:58Z" finished-at="2015-01-14T17:43:10Z">
          <reporter-output>
          </reporter-output>
        </test-method> <!-- testVerifyAccordian -->
        <test-method status="PASS" signature="testVerifyColorSelector()[pri:0, instance:com.tek.test.patterns.VerifyPatternsOnSite@56cbfb61]" name="testVerifyColorSelector" duration-ms="16799" started-at="2015-01-14T17:43:10Z" finished-at="2015-01-14T17:43:27Z">
          <reporter-output>
          </reporter-output>
        </test-method> <!-- testVerifyColorSelector -->
        <test-method status="PASS" signature="testVerifyCarousel()[pri:0, instance:com.tek.test.patterns.VerifyPatternsOnSite@56cbfb61]" name="testVerifyCarousel" duration-ms="12602" started-at="2015-01-14T17:43:27Z" finished-at="2015-01-14T17:43:40Z">
          <reporter-output>
          </reporter-output>
        </test-method> <!-- testVerifyCarousel -->
        <test-method status="PASS" signature="closureMethod()[pri:0, instance:com.tek.test.patterns.VerifyPatternsOnSite@56cbfb61]" name="closureMethod" is-config="true" duration-ms="1254" started-at="2015-01-14T17:43:40Z" finished-at="2015-01-14T17:43:41Z">
          <reporter-output>
          </reporter-output>
        </test-method> <!-- closureMethod -->
      </class> <!-- com.tek.test.patterns.VerifyPatternsOnSite -->
    </test> <!-- Chrome test -->
    <test name="InternetExplorer test" duration-ms="75645" started-at="2015-01-14T23:43:41Z" finished-at="2015-01-14T23:44:57Z">
      <class name="com.tek.test.patterns.VerifyComponents">
        <test-method status="FAIL" signature="intialSetUp(java.lang.String)[pri:0, instance:com.tek.test.patterns.VerifyComponents@2752f6e2]" name="intialSetUp" is-config="true" duration-ms="0" started-at="2015-01-14T17:43:41Z" finished-at="2015-01-14T17:43:41Z">
          <params>
            <param index="0">
              <value>
                <![CDATA[InternetExplorer]]>
              </value>
            </param>
          </params>
          <exception class="org.openqa.selenium.UnhandledAlertException">
            <message>
              <![CDATA[Modal dialog present: 
Build info: version: '2.44.0', revision: '76d78cf', time: '2014-10-23 20:03:00'
System info: host: 'TXCDTL147ND5986', ip: '135.70.233.251', os.name: 'Windows 7', os.arch: 'amd64', os.version: '6.1', java.version: '1.8.0_25'
Driver info: org.openqa.selenium.ie.InternetExplorerDriver
Capabilities [{browserAttachTimeout=0, enablePersistentHover=true, ie.forceCreateProcessApi=false, ie.usePerProcessProxy=false, ignoreZoomSetting=false, handlesAlerts=true, version=11, platform=WINDOWS, nativeEvents=true, ie.ensureCleanSession=false, elementScrollBehavior=0, ie.browserCommandLineSwitches=, requireWindowFocus=false, browserName=internet explorer, initialBrowserUrl=http://localhost:8078/, takesScreenshot=true, javascriptEnabled=true, ignoreProtectedModeSettings=true, enableElementCacheCleanup=true, cssSelectorsEnabled=true, unexpectedAlertBehaviour=dismiss}]
Session ID: a8de25cb-05ca-4f1d-a9f4-bd7b55953e36]]>
            </message>
            <full-stacktrace>
              <![CDATA[org.openqa.selenium.UnhandledAlertException: Modal dialog present: 
Build info: version: '2.44.0', revision: '76d78cf', time: '2014-10-23 20:03:00'
System info: host: 'TXCDTL147ND5986', ip: '135.70.233.251', os.name: 'Windows 7', os.arch: 'amd64', os.version: '6.1', java.version: '1.8.0_25'
Driver info: org.openqa.selenium.ie.InternetExplorerDriver
Capabilities [{browserAttachTimeout=0, enablePersistentHover=true, ie.forceCreateProcessApi=false, ie.usePerProcessProxy=false, ignoreZoomSetting=false, handlesAlerts=true, version=11, platform=WINDOWS, nativeEvents=true, ie.ensureCleanSession=false, elementScrollBehavior=0, ie.browserCommandLineSwitches=, requireWindowFocus=false, browserName=internet explorer, initialBrowserUrl=http://localhost:8078/, takesScreenshot=true, javascriptEnabled=true, ignoreProtectedModeSettings=true, enableElementCacheCleanup=true, cssSelectorsEnabled=true, unexpectedAlertBehaviour=dismiss}]
Session ID: a8de25cb-05ca-4f1d-a9f4-bd7b55953e36
	at sun.reflect.NativeConstructorAccessorImpl.newInstance0(Native Method)
	at sun.reflect.NativeConstructorAccessorImpl.newInstance(NativeConstructorAccessorImpl.java:62)
	at sun.reflect.DelegatingConstructorAccessorImpl.newInstance(DelegatingConstructorAccessorImpl.java:45)
	at java.lang.reflect.Constructor.newInstance(Constructor.java:408)
	at org.openqa.selenium.remote.ErrorHandler.createThrowable(ErrorHandler.java:204)
	at org.openqa.selenium.remote.ErrorHandler.createUnhandledAlertException(ErrorHandler.java:185)
	at org.openqa.selenium.remote.ErrorHandler.throwIfResponseFailed(ErrorHandler.java:152)
	at org.openqa.selenium.remote.RemoteWebDriver.execute(RemoteWebDriver.java:599)
	at org.openqa.selenium.remote.RemoteWebDriver$RemoteWebDriverOptions$RemoteWindow.maximize(RemoteWebDriver.java:829)
	at com.tek.test.patterns.VerifyComponents.intialSetUp(VerifyComponents.java:61)
	at sun.reflect.NativeMethodAccessorImpl.invoke0(Native Method)
	at sun.reflect.NativeMethodAccessorImpl.invoke(NativeMethodAccessorImpl.java:62)
	at sun.reflect.DelegatingMethodAccessorImpl.invoke(DelegatingMethodAccessorImpl.java:43)
	at java.lang.reflect.Method.invoke(Method.java:483)
	at org.testng.internal.MethodInvocationHelper.invokeMethod(MethodInvocationHelper.java:84)
	at org.testng.internal.Invoker.invokeConfigurationMethod(Invoker.java:564)
	at org.testng.internal.Invoker.invokeConfigurations(Invoker.java:213)
	at org.testng.internal.Invoker.invokeConfigurations(Invoker.java:138)
	at org.testng.internal.Invoker.invokeBeforeGroupsConfigurations(Invoker.java:938)
	at org.testng.internal.Invoker.invokeMethod(Invoker.java:645)
	at org.testng.internal.Invoker.invokeTestMethod(Invoker.java:901)
	at org.testng.internal.Invoker.invokeTestMethods(Invoker.java:1231)
	at org.testng.internal.TestMethodWorker.invokeTestMethods(TestMethodWorker.java:127)
	at org.testng.internal.TestMethodWorker.run(TestMethodWorker.java:111)
	at org.testng.TestRunner.privateRun(TestRunner.java:767)
	at org.testng.TestRunner.run(TestRunner.java:617)
	at org.testng.SuiteRunner.runTest(SuiteRunner.java:334)
	at org.testng.SuiteRunner.runSequentially(SuiteRunner.java:329)
	at org.testng.SuiteRunner.privateRun(SuiteRunner.java:291)
	at org.testng.SuiteRunner.run(SuiteRunner.java:240)
	at org.testng.SuiteRunnerWorker.runSuite(SuiteRunnerWorker.java:52)
	at org.testng.SuiteRunnerWorker.run(SuiteRunnerWorker.java:86)
	at org.testng.TestNG.runSuitesSequentially(TestNG.java:1224)
	at org.testng.TestNG.runSuitesLocally(TestNG.java:1149)
	at org.testng.TestNG.run(TestNG.java:1057)
	at org.testng.remote.RemoteTestNG.run(RemoteTestNG.java:111)
	at org.testng.remote.RemoteTestNG.initAndRun(RemoteTestNG.java:204)
	at org.testng.remote.RemoteTestNG.main(RemoteTestNG.java:175)
]]>
            </full-stacktrace>
          </exception> <!-- org.openqa.selenium.UnhandledAlertException -->
          <reporter-output>
          </reporter-output>
        </test-method> <!-- intialSetUp -->
        <test-method status="SKIP" signature="testVerifyButton()[pri:0, instance:com.tek.test.patterns.VerifyComponents@2752f6e2]" name="testVerifyButton" duration-ms="1" started-at="2015-01-14T17:43:46Z" finished-at="2015-01-14T17:43:46Z">
          <reporter-output>
          </reporter-output>
        </test-method> <!-- testVerifyButton -->
        <test-method status="SKIP" signature="testVerifyColorSelector()[pri:0, instance:com.tek.test.patterns.VerifyComponents@2752f6e2]" name="testVerifyColorSelector" duration-ms="1" started-at="2015-01-14T17:43:46Z" finished-at="2015-01-14T17:43:46Z">
          <reporter-output>
          </reporter-output>
        </test-method> <!-- testVerifyColorSelector -->
        <test-method status="SKIP" signature="testVerifyDropDown()[pri:0, instance:com.tek.test.patterns.VerifyComponents@2752f6e2]" name="testVerifyDropDown" duration-ms="0" started-at="2015-01-14T17:43:46Z" finished-at="2015-01-14T17:43:46Z">
          <reporter-output>
          </reporter-output>
        </test-method> <!-- testVerifyDropDown -->
        <test-method status="SKIP" signature="testVerifyAccordion()[pri:0, instance:com.tek.test.patterns.VerifyComponents@2752f6e2]" name="testVerifyAccordion" duration-ms="0" started-at="2015-01-14T17:43:46Z" finished-at="2015-01-14T17:43:46Z">
          <reporter-output>
          </reporter-output>
        </test-method> <!-- testVerifyAccordion -->
        <test-method status="SKIP" signature="testVerifyCarousel()[pri:0, instance:com.tek.test.patterns.VerifyComponents@2752f6e2]" name="testVerifyCarousel" duration-ms="0" started-at="2015-01-14T17:43:46Z" finished-at="2015-01-14T17:43:46Z">
          <reporter-output>
          </reporter-output>
        </test-method> <!-- testVerifyCarousel -->
        <test-method status="SKIP" signature="closureMethod()[pri:0, instance:com.tek.test.patterns.VerifyComponents@2752f6e2]" name="closureMethod" is-config="true" duration-ms="0" started-at="2015-01-14T17:43:46Z" finished-at="2015-01-14T17:43:46Z">
          <reporter-output>
          </reporter-output>
        </test-method> <!-- closureMethod -->
      </class> <!-- com.tek.test.patterns.VerifyComponents -->
      <class name="com.tek.test.patterns.VerifyPatternsOnSite">
        <test-method status="PASS" signature="intialSetUp(java.lang.String)[pri:0, instance:com.tek.test.patterns.VerifyPatternsOnSite@6b71769e]" name="intialSetUp" is-config="true" duration-ms="5621" started-at="2015-01-14T17:43:46Z" finished-at="2015-01-14T17:43:51Z">
          <params>
            <param index="0">
              <value>
                <![CDATA[InternetExplorer]]>
              </value>
            </param>
          </params>
          <reporter-output>
          </reporter-output>
        </test-method> <!-- intialSetUp -->
        <test-method status="PASS" signature="testVerifyButton()[pri:0, instance:com.tek.test.patterns.VerifyPatternsOnSite@6b71769e]" name="testVerifyButton" duration-ms="14036" started-at="2015-01-14T17:43:51Z" finished-at="2015-01-14T17:44:05Z">
          <reporter-output>
          </reporter-output>
        </test-method> <!-- testVerifyButton -->
        <test-method status="PASS" signature="testVerifyAccordian()[pri:0, instance:com.tek.test.patterns.VerifyPatternsOnSite@6b71769e]" name="testVerifyAccordian" duration-ms="13947" started-at="2015-01-14T17:44:05Z" finished-at="2015-01-14T17:44:19Z">
          <reporter-output>
          </reporter-output>
        </test-method> <!-- testVerifyAccordian -->
        <test-method status="PASS" signature="testVerifyColorSelector()[pri:0, instance:com.tek.test.patterns.VerifyPatternsOnSite@6b71769e]" name="testVerifyColorSelector" duration-ms="21241" started-at="2015-01-14T17:44:19Z" finished-at="2015-01-14T17:44:41Z">
          <reporter-output>
          </reporter-output>
        </test-method> <!-- testVerifyColorSelector -->
        <test-method status="PASS" signature="testVerifyCarousel()[pri:0, instance:com.tek.test.patterns.VerifyPatternsOnSite@6b71769e]" name="testVerifyCarousel" duration-ms="15961" started-at="2015-01-14T17:44:41Z" finished-at="2015-01-14T17:44:57Z">
          <reporter-output>
          </reporter-output>
        </test-method> <!-- testVerifyCarousel -->
        <test-method status="PASS" signature="closureMethod()[pri:0, instance:com.tek.test.patterns.VerifyPatternsOnSite@6b71769e]" name="closureMethod" is-config="true" duration-ms="102" started-at="2015-01-14T17:44:57Z" finished-at="2015-01-14T17:44:57Z">
          <reporter-output>
          </reporter-output>
        </test-method> <!-- closureMethod -->
      </class> <!-- com.tek.test.patterns.VerifyPatternsOnSite -->
    </test> <!-- InternetExplorer test -->
  </suite> <!-- Test suite -->
</testng-results>
