<?xml version="1.0" encoding="UTF-8"?>
<testng-results skipped="0" failed="1" total="18" passed="17">
  <reporter-output>
  </reporter-output>
  <suite name="Test suite" duration-ms="237733" started-at="2015-01-12T22:00:33Z" finished-at="2015-01-12T22:04:31Z">
    <groups>
      <group name="CSSPatternsTest">
        <method signature="VerifyComponents.testVerifyAccordion()[pri:0, instance:com.tek.test.patterns.VerifyComponents@ea4a92b]" name="testVerifyAccordion" class="com.tek.test.patterns.VerifyComponents"/>
        <method signature="VerifyComponents.testVerifyButton()[pri:0, instance:com.tek.test.patterns.VerifyComponents@ea4a92b]" name="testVerifyButton" class="com.tek.test.patterns.VerifyComponents"/>
        <method signature="VerifyComponents.testVerifyColorSelector()[pri:0, instance:com.tek.test.patterns.VerifyComponents@ea4a92b]" name="testVerifyColorSelector" class="com.tek.test.patterns.VerifyComponents"/>
        <method signature="VerifyComponents.testVerifyDropDown()[pri:0, instance:com.tek.test.patterns.VerifyComponents@ea4a92b]" name="testVerifyDropDown" class="com.tek.test.patterns.VerifyComponents"/>
        <method signature="VerifyComponents.testVerifyAccordion()[pri:0, instance:com.tek.test.patterns.VerifyComponents@1134affc]" name="testVerifyAccordion" class="com.tek.test.patterns.VerifyComponents"/>
        <method signature="VerifyComponents.testVerifyButton()[pri:0, instance:com.tek.test.patterns.VerifyComponents@1134affc]" name="testVerifyButton" class="com.tek.test.patterns.VerifyComponents"/>
        <method signature="VerifyComponents.testVerifyColorSelector()[pri:0, instance:com.tek.test.patterns.VerifyComponents@1134affc]" name="testVerifyColorSelector" class="com.tek.test.patterns.VerifyComponents"/>
        <method signature="VerifyComponents.testVerifyDropDown()[pri:0, instance:com.tek.test.patterns.VerifyComponents@1134affc]" name="testVerifyDropDown" class="com.tek.test.patterns.VerifyComponents"/>
        <method signature="VerifyComponents.testVerifyAccordion()[pri:0, instance:com.tek.test.patterns.VerifyComponents@2752f6e2]" name="testVerifyAccordion" class="com.tek.test.patterns.VerifyComponents"/>
        <method signature="VerifyComponents.testVerifyButton()[pri:0, instance:com.tek.test.patterns.VerifyComponents@2752f6e2]" name="testVerifyButton" class="com.tek.test.patterns.VerifyComponents"/>
        <method signature="VerifyComponents.testVerifyColorSelector()[pri:0, instance:com.tek.test.patterns.VerifyComponents@2752f6e2]" name="testVerifyColorSelector" class="com.tek.test.patterns.VerifyComponents"/>
        <method signature="VerifyComponents.testVerifyDropDown()[pri:0, instance:com.tek.test.patterns.VerifyComponents@2752f6e2]" name="testVerifyDropDown" class="com.tek.test.patterns.VerifyComponents"/>
      </group> <!-- CSSPatternsTest -->
      <group name="ATTPatternsTest">
        <method signature="VerifyPatternsOnSite.testVerifyButton()[pri:0, instance:com.tek.test.patterns.VerifyPatternsOnSite@546a03af]" name="testVerifyButton" class="com.tek.test.patterns.VerifyPatternsOnSite"/>
        <method signature="VerifyPatternsOnSite.testVerifyColorSelector()[pri:0, instance:com.tek.test.patterns.VerifyPatternsOnSite@546a03af]" name="testVerifyColorSelector" class="com.tek.test.patterns.VerifyPatternsOnSite"/>
        <method signature="VerifyPatternsOnSite.testVerifyButton()[pri:0, instance:com.tek.test.patterns.VerifyPatternsOnSite@56cbfb61]" name="testVerifyButton" class="com.tek.test.patterns.VerifyPatternsOnSite"/>
        <method signature="VerifyPatternsOnSite.testVerifyColorSelector()[pri:0, instance:com.tek.test.patterns.VerifyPatternsOnSite@56cbfb61]" name="testVerifyColorSelector" class="com.tek.test.patterns.VerifyPatternsOnSite"/>
        <method signature="VerifyPatternsOnSite.testVerifyButton()[pri:0, instance:com.tek.test.patterns.VerifyPatternsOnSite@6b71769e]" name="testVerifyButton" class="com.tek.test.patterns.VerifyPatternsOnSite"/>
        <method signature="VerifyPatternsOnSite.testVerifyColorSelector()[pri:0, instance:com.tek.test.patterns.VerifyPatternsOnSite@6b71769e]" name="testVerifyColorSelector" class="com.tek.test.patterns.VerifyPatternsOnSite"/>
      </group> <!-- ATTPatternsTest -->
    </groups>
    <test name="Firefox test" duration-ms="52683" started-at="2015-01-12T22:00:33Z" finished-at="2015-01-12T22:01:26Z">
      <class name="com.tek.test.patterns.VerifyComponents">
        <test-method status="PASS" signature="intialSetUp(java.lang.String)[pri:0, instance:com.tek.test.patterns.VerifyComponents@ea4a92b]" name="intialSetUp" is-config="true" duration-ms="14100" started-at="2015-01-12T16:00:33Z" finished-at="2015-01-12T16:00:47Z">
          <params>
            <param index="0">
              <value>
                <![CDATA[FireFox]]>
              </value>
            </param>
          </params>
          <reporter-output>
          </reporter-output>
        </test-method> <!-- intialSetUp -->
        <test-method status="PASS" signature="testVerifyButton()[pri:0, instance:com.tek.test.patterns.VerifyComponents@ea4a92b]" name="testVerifyButton" duration-ms="1358" started-at="2015-01-12T16:00:47Z" finished-at="2015-01-12T16:00:49Z">
          <reporter-output>
          </reporter-output>
        </test-method> <!-- testVerifyButton -->
        <test-method status="PASS" signature="testVerifyDropDown()[pri:0, instance:com.tek.test.patterns.VerifyComponents@ea4a92b]" name="testVerifyDropDown" duration-ms="4987" started-at="2015-01-12T16:00:49Z" finished-at="2015-01-12T16:00:54Z">
          <reporter-output>
          </reporter-output>
        </test-method> <!-- testVerifyDropDown -->
        <test-method status="PASS" signature="testVerifyColorSelector()[pri:0, instance:com.tek.test.patterns.VerifyComponents@ea4a92b]" name="testVerifyColorSelector" duration-ms="775" started-at="2015-01-12T16:00:54Z" finished-at="2015-01-12T16:00:54Z">
          <reporter-output>
          </reporter-output>
        </test-method> <!-- testVerifyColorSelector -->
        <test-method status="PASS" signature="testVerifyAccordion()[pri:0, instance:com.tek.test.patterns.VerifyComponents@ea4a92b]" name="testVerifyAccordion" duration-ms="137" started-at="2015-01-12T16:00:54Z" finished-at="2015-01-12T16:00:54Z">
          <reporter-output>
          </reporter-output>
        </test-method> <!-- testVerifyAccordion -->
        <test-method status="PASS" signature="closureMethod()[pri:0, instance:com.tek.test.patterns.VerifyComponents@ea4a92b]" name="closureMethod" is-config="true" duration-ms="6" started-at="2015-01-12T16:00:54Z" finished-at="2015-01-12T16:00:54Z">
          <reporter-output>
          </reporter-output>
        </test-method> <!-- closureMethod -->
      </class> <!-- com.tek.test.patterns.VerifyComponents -->
      <class name="com.tek.test.patterns.VerifyPatternsOnSite">
        <test-method status="PASS" signature="intialSetUp(java.lang.String)[pri:0, instance:com.tek.test.patterns.VerifyPatternsOnSite@546a03af]" name="intialSetUp" is-config="true" duration-ms="3336" started-at="2015-01-12T16:00:54Z" finished-at="2015-01-12T16:00:58Z">
          <params>
            <param index="0">
              <value>
                <![CDATA[FireFox]]>
              </value>
            </param>
          </params>
          <reporter-output>
          </reporter-output>
        </test-method> <!-- intialSetUp -->
        <test-method status="PASS" signature="testVerifyButton()[pri:0, instance:com.tek.test.patterns.VerifyPatternsOnSite@546a03af]" name="testVerifyButton" duration-ms="11088" started-at="2015-01-12T16:00:58Z" finished-at="2015-01-12T16:01:09Z">
          <reporter-output>
          </reporter-output>
        </test-method> <!-- testVerifyButton -->
        <test-method status="PASS" signature="testVerifyColorSelector()[pri:0, instance:com.tek.test.patterns.VerifyPatternsOnSite@546a03af]" name="testVerifyColorSelector" duration-ms="16873" started-at="2015-01-12T16:01:09Z" finished-at="2015-01-12T16:01:26Z">
          <reporter-output>
          </reporter-output>
        </test-method> <!-- testVerifyColorSelector -->
        <test-method status="PASS" signature="closureMethod()[pri:0, instance:com.tek.test.patterns.VerifyPatternsOnSite@546a03af]" name="closureMethod" is-config="true" duration-ms="7" started-at="2015-01-12T16:01:26Z" finished-at="2015-01-12T16:01:26Z">
          <reporter-output>
          </reporter-output>
        </test-method> <!-- closureMethod -->
      </class> <!-- com.tek.test.patterns.VerifyPatternsOnSite -->
    </test> <!-- Firefox test -->
    <test name="Chrome test" duration-ms="43022" started-at="2015-01-12T22:01:26Z" finished-at="2015-01-12T22:02:09Z">
      <class name="com.tek.test.patterns.VerifyComponents">
        <test-method status="PASS" signature="intialSetUp(java.lang.String)[pri:0, instance:com.tek.test.patterns.VerifyComponents@1134affc]" name="intialSetUp" is-config="true" duration-ms="9455" started-at="2015-01-12T16:01:26Z" finished-at="2015-01-12T16:01:35Z">
          <params>
            <param index="0">
              <value>
                <![CDATA[Chrome]]>
              </value>
            </param>
          </params>
          <reporter-output>
          </reporter-output>
        </test-method> <!-- intialSetUp -->
        <test-method status="PASS" signature="testVerifyButton()[pri:0, instance:com.tek.test.patterns.VerifyComponents@1134affc]" name="testVerifyButton" duration-ms="1190" started-at="2015-01-12T16:01:35Z" finished-at="2015-01-12T16:01:36Z">
          <reporter-output>
          </reporter-output>
        </test-method> <!-- testVerifyButton -->
        <test-method status="PASS" signature="testVerifyDropDown()[pri:0, instance:com.tek.test.patterns.VerifyComponents@1134affc]" name="testVerifyDropDown" duration-ms="551" started-at="2015-01-12T16:01:36Z" finished-at="2015-01-12T16:01:37Z">
          <reporter-output>
          </reporter-output>
        </test-method> <!-- testVerifyDropDown -->
        <test-method status="PASS" signature="testVerifyColorSelector()[pri:0, instance:com.tek.test.patterns.VerifyComponents@1134affc]" name="testVerifyColorSelector" duration-ms="381" started-at="2015-01-12T16:01:37Z" finished-at="2015-01-12T16:01:37Z">
          <reporter-output>
          </reporter-output>
        </test-method> <!-- testVerifyColorSelector -->
        <test-method status="PASS" signature="testVerifyAccordion()[pri:0, instance:com.tek.test.patterns.VerifyComponents@1134affc]" name="testVerifyAccordion" duration-ms="185" started-at="2015-01-12T16:01:37Z" finished-at="2015-01-12T16:01:38Z">
          <reporter-output>
          </reporter-output>
        </test-method> <!-- testVerifyAccordion -->
        <test-method status="PASS" signature="closureMethod()[pri:0, instance:com.tek.test.patterns.VerifyComponents@1134affc]" name="closureMethod" is-config="true" duration-ms="1185" started-at="2015-01-12T16:01:38Z" finished-at="2015-01-12T16:01:39Z">
          <reporter-output>
          </reporter-output>
        </test-method> <!-- closureMethod -->
      </class> <!-- com.tek.test.patterns.VerifyComponents -->
      <class name="com.tek.test.patterns.VerifyPatternsOnSite">
        <test-method status="PASS" signature="intialSetUp(java.lang.String)[pri:0, instance:com.tek.test.patterns.VerifyPatternsOnSite@56cbfb61]" name="intialSetUp" is-config="true" duration-ms="2683" started-at="2015-01-12T16:01:39Z" finished-at="2015-01-12T16:01:41Z">
          <params>
            <param index="0">
              <value>
                <![CDATA[Chrome]]>
              </value>
            </param>
          </params>
          <reporter-output>
          </reporter-output>
        </test-method> <!-- intialSetUp -->
        <test-method status="PASS" signature="testVerifyButton()[pri:0, instance:com.tek.test.patterns.VerifyPatternsOnSite@56cbfb61]" name="testVerifyButton" duration-ms="10393" started-at="2015-01-12T16:01:41Z" finished-at="2015-01-12T16:01:52Z">
          <reporter-output>
          </reporter-output>
        </test-method> <!-- testVerifyButton -->
        <test-method status="PASS" signature="testVerifyColorSelector()[pri:0, instance:com.tek.test.patterns.VerifyPatternsOnSite@56cbfb61]" name="testVerifyColorSelector" duration-ms="15831" started-at="2015-01-12T16:01:52Z" finished-at="2015-01-12T16:02:08Z">
          <reporter-output>
          </reporter-output>
        </test-method> <!-- testVerifyColorSelector -->
        <test-method status="PASS" signature="closureMethod()[pri:0, instance:com.tek.test.patterns.VerifyPatternsOnSite@56cbfb61]" name="closureMethod" is-config="true" duration-ms="1163" started-at="2015-01-12T16:02:08Z" finished-at="2015-01-12T16:02:09Z">
          <reporter-output>
          </reporter-output>
        </test-method> <!-- closureMethod -->
      </class> <!-- com.tek.test.patterns.VerifyPatternsOnSite -->
    </test> <!-- Chrome test -->
    <test name="InternetExplorer test" duration-ms="142009" started-at="2015-01-12T22:02:09Z" finished-at="2015-01-12T22:04:31Z">
      <class name="com.tek.test.patterns.VerifyComponents">
        <test-method status="PASS" signature="intialSetUp(java.lang.String)[pri:0, instance:com.tek.test.patterns.VerifyComponents@2752f6e2]" name="intialSetUp" is-config="true" duration-ms="8188" started-at="2015-01-12T16:02:09Z" finished-at="2015-01-12T16:02:17Z">
          <params>
            <param index="0">
              <value>
                <![CDATA[InternetExplorer]]>
              </value>
            </param>
          </params>
          <reporter-output>
          </reporter-output>
        </test-method> <!-- intialSetUp -->
        <test-method status="FAIL" signature="testVerifyButton()[pri:0, instance:com.tek.test.patterns.VerifyComponents@2752f6e2]" name="testVerifyButton" duration-ms="86362" started-at="2015-01-12T16:02:17Z" finished-at="2015-01-12T16:03:43Z">
          <exception class="org.openqa.selenium.ElementNotVisibleException">
            <message>
              <![CDATA[Cannot click on element (WARNING: The server did not provide any stacktrace information)
Command duration or timeout: 163 milliseconds
Build info: version: '2.44.0', revision: '76d78cf', time: '2014-10-23 20:03:00'
System info: host: 'TXCDTL147ND5986', ip: '135.70.91.76', os.name: 'Windows 7', os.arch: 'amd64', os.version: '6.1', java.version: '1.8.0_25'
Driver info: org.openqa.selenium.ie.InternetExplorerDriver
Capabilities [{browserAttachTimeout=0, enablePersistentHover=true, ie.forceCreateProcessApi=false, ie.usePerProcessProxy=false, ignoreZoomSetting=false, handlesAlerts=true, version=11, platform=WINDOWS, nativeEvents=true, ie.ensureCleanSession=false, elementScrollBehavior=0, ie.browserCommandLineSwitches=, requireWindowFocus=false, browserName=internet explorer, initialBrowserUrl=http://localhost:22978/, takesScreenshot=true, javascriptEnabled=true, ignoreProtectedModeSettings=true, enableElementCacheCleanup=true, cssSelectorsEnabled=true, unexpectedAlertBehaviour=dismiss}]
Session ID: 88da8f12-ac60-49bc-99b9-4250f1bb58bf]]>
            </message>
            <full-stacktrace>
              <![CDATA[org.openqa.selenium.ElementNotVisibleException: Cannot click on element (WARNING: The server did not provide any stacktrace information)
Command duration or timeout: 163 milliseconds
Build info: version: '2.44.0', revision: '76d78cf', time: '2014-10-23 20:03:00'
System info: host: 'TXCDTL147ND5986', ip: '135.70.91.76', os.name: 'Windows 7', os.arch: 'amd64', os.version: '6.1', java.version: '1.8.0_25'
Driver info: org.openqa.selenium.ie.InternetExplorerDriver
Capabilities [{browserAttachTimeout=0, enablePersistentHover=true, ie.forceCreateProcessApi=false, ie.usePerProcessProxy=false, ignoreZoomSetting=false, handlesAlerts=true, version=11, platform=WINDOWS, nativeEvents=true, ie.ensureCleanSession=false, elementScrollBehavior=0, ie.browserCommandLineSwitches=, requireWindowFocus=false, browserName=internet explorer, initialBrowserUrl=http://localhost:22978/, takesScreenshot=true, javascriptEnabled=true, ignoreProtectedModeSettings=true, enableElementCacheCleanup=true, cssSelectorsEnabled=true, unexpectedAlertBehaviour=dismiss}]
Session ID: 88da8f12-ac60-49bc-99b9-4250f1bb58bf
	at sun.reflect.NativeConstructorAccessorImpl.newInstance0(Native Method)
	at sun.reflect.NativeConstructorAccessorImpl.newInstance(NativeConstructorAccessorImpl.java:62)
	at sun.reflect.DelegatingConstructorAccessorImpl.newInstance(DelegatingConstructorAccessorImpl.java:45)
	at java.lang.reflect.Constructor.newInstance(Constructor.java:408)
	at org.openqa.selenium.remote.ErrorHandler.createThrowable(ErrorHandler.java:204)
	at org.openqa.selenium.remote.ErrorHandler.throwIfResponseFailed(ErrorHandler.java:156)
	at org.openqa.selenium.remote.RemoteWebDriver.execute(RemoteWebDriver.java:599)
	at org.openqa.selenium.remote.RemoteWebElement.execute(RemoteWebElement.java:268)
	at org.openqa.selenium.remote.RemoteWebElement.click(RemoteWebElement.java:79)
	at com.tek.test.patterns.ButtonVerify.verifyDiabledButton(ButtonVerify.java:96)
	at com.tek.test.patterns.VerifyComponents.testVerifyButton(VerifyComponents.java:70)
	at sun.reflect.NativeMethodAccessorImpl.invoke0(Native Method)
	at sun.reflect.NativeMethodAccessorImpl.invoke(NativeMethodAccessorImpl.java:62)
	at sun.reflect.DelegatingMethodAccessorImpl.invoke(DelegatingMethodAccessorImpl.java:43)
	at java.lang.reflect.Method.invoke(Method.java:483)
	at org.testng.internal.MethodInvocationHelper.invokeMethod(MethodInvocationHelper.java:84)
	at org.testng.internal.Invoker.invokeMethod(Invoker.java:714)
	at org.testng.internal.Invoker.invokeTestMethod(Invoker.java:901)
	at org.testng.internal.Invoker.invokeTestMethods(Invoker.java:1231)
	at org.testng.internal.TestMethodWorker.invokeTestMethods(TestMethodWorker.java:127)
	at org.testng.internal.TestMethodWorker.run(TestMethodWorker.java:111)
	at org.testng.TestRunner.privateRun(TestRunner.java:767)
	at org.testng.TestRunner.run(TestRunner.java:617)
	at org.testng.SuiteRunner.runTest(SuiteRunner.java:334)
	at org.testng.SuiteRunner.runSequentially(SuiteRunner.java:329)
	at org.testng.SuiteRunner.privateRun(SuiteRunner.java:291)
	at org.testng.SuiteRunner.run(SuiteRunner.java:240)
	at org.testng.SuiteRunnerWorker.runSuite(SuiteRunnerWorker.java:52)
	at org.testng.SuiteRunnerWorker.run(SuiteRunnerWorker.java:86)
	at org.testng.TestNG.runSuitesSequentially(TestNG.java:1224)
	at org.testng.TestNG.runSuitesLocally(TestNG.java:1149)
	at org.testng.TestNG.run(TestNG.java:1057)
	at org.testng.remote.RemoteTestNG.run(RemoteTestNG.java:111)
	at org.testng.remote.RemoteTestNG.initAndRun(RemoteTestNG.java:204)
	at org.testng.remote.RemoteTestNG.main(RemoteTestNG.java:175)
]]>
            </full-stacktrace>
          </exception> <!-- org.openqa.selenium.ElementNotVisibleException -->
          <reporter-output>
          </reporter-output>
        </test-method> <!-- testVerifyButton -->
        <test-method status="PASS" signature="testVerifyDropDown()[pri:0, instance:com.tek.test.patterns.VerifyComponents@2752f6e2]" name="testVerifyDropDown" duration-ms="5735" started-at="2015-01-12T16:03:43Z" finished-at="2015-01-12T16:03:49Z">
          <reporter-output>
          </reporter-output>
        </test-method> <!-- testVerifyDropDown -->
        <test-method status="PASS" signature="testVerifyColorSelector()[pri:0, instance:com.tek.test.patterns.VerifyComponents@2752f6e2]" name="testVerifyColorSelector" duration-ms="4263" started-at="2015-01-12T16:03:49Z" finished-at="2015-01-12T16:03:53Z">
          <reporter-output>
          </reporter-output>
        </test-method> <!-- testVerifyColorSelector -->
        <test-method status="PASS" signature="testVerifyAccordion()[pri:0, instance:com.tek.test.patterns.VerifyComponents@2752f6e2]" name="testVerifyAccordion" duration-ms="2114" started-at="2015-01-12T16:03:53Z" finished-at="2015-01-12T16:03:55Z">
          <reporter-output>
          </reporter-output>
        </test-method> <!-- testVerifyAccordion -->
        <test-method status="PASS" signature="closureMethod()[pri:0, instance:com.tek.test.patterns.VerifyComponents@2752f6e2]" name="closureMethod" is-config="true" duration-ms="15" started-at="2015-01-12T16:03:55Z" finished-at="2015-01-12T16:03:55Z">
          <reporter-output>
          </reporter-output>
        </test-method> <!-- closureMethod -->
      </class> <!-- com.tek.test.patterns.VerifyComponents -->
      <class name="com.tek.test.patterns.VerifyPatternsOnSite">
        <test-method status="PASS" signature="intialSetUp(java.lang.String)[pri:0, instance:com.tek.test.patterns.VerifyPatternsOnSite@6b71769e]" name="intialSetUp" is-config="true" duration-ms="3351" started-at="2015-01-12T16:03:55Z" finished-at="2015-01-12T16:03:59Z">
          <params>
            <param index="0">
              <value>
                <![CDATA[InternetExplorer]]>
              </value>
            </param>
          </params>
          <reporter-output>
          </reporter-output>
        </test-method> <!-- intialSetUp -->
        <test-method status="PASS" signature="testVerifyButton()[pri:0, instance:com.tek.test.patterns.VerifyPatternsOnSite@6b71769e]" name="testVerifyButton" duration-ms="12879" started-at="2015-01-12T16:03:59Z" finished-at="2015-01-12T16:04:12Z">
          <reporter-output>
          </reporter-output>
        </test-method> <!-- testVerifyButton -->
        <test-method status="PASS" signature="testVerifyColorSelector()[pri:0, instance:com.tek.test.patterns.VerifyPatternsOnSite@6b71769e]" name="testVerifyColorSelector" duration-ms="19021" started-at="2015-01-12T16:04:12Z" finished-at="2015-01-12T16:04:31Z">
          <reporter-output>
          </reporter-output>
        </test-method> <!-- testVerifyColorSelector -->
        <test-method status="PASS" signature="closureMethod()[pri:0, instance:com.tek.test.patterns.VerifyPatternsOnSite@6b71769e]" name="closureMethod" is-config="true" duration-ms="73" started-at="2015-01-12T16:04:31Z" finished-at="2015-01-12T16:04:31Z">
          <reporter-output>
          </reporter-output>
        </test-method> <!-- closureMethod -->
      </class> <!-- com.tek.test.patterns.VerifyPatternsOnSite -->
    </test> <!-- InternetExplorer test -->
  </suite> <!-- Test suite -->
</testng-results>
