<?xml version="1.0" encoding="UTF-8"?>
<!-- Generated by org.testng.reporters.JUnitXMLReporter -->
<testsuite hostname="TXCDTL147ND5986" name="Chrome test" tests="9" failures="0" timestamp="14 Jan 2015 23:43:41 GMT" time="79.442" errors="0">
  <testcase name="testVerifyButton" time="3.357" classname="com.tek.test.patterns.VerifyComponents"/>
  <testcase name="testVerifyDropDown" time="0.584" classname="com.tek.test.patterns.VerifyComponents"/>
  <testcase name="testVerifyColorSelector" time="0.471" classname="com.tek.test.patterns.VerifyComponents"/>
  <testcase name="testVerifyAccordion" time="0.211" classname="com.tek.test.patterns.VerifyComponents"/>
  <testcase name="testVerifyCarousel" time="1.109" classname="com.tek.test.patterns.VerifyComponents"/>
  <testcase name="testVerifyButton" time="10.448" classname="com.tek.test.patterns.VerifyPatternsOnSite"/>
  <testcase name="testVerifyAccordian" time="12.021" classname="com.tek.test.patterns.VerifyPatternsOnSite"/>
  <testcase name="testVerifyColorSelector" time="16.799" classname="com.tek.test.patterns.VerifyPatternsOnSite"/>
  <testcase name="testVerifyCarousel" time="12.602" classname="com.tek.test.patterns.VerifyPatternsOnSite"/>
</testsuite> <!-- Chrome test -->
