<?xml version="1.0" encoding="UTF-8"?>
<!-- Generated by org.testng.reporters.JUnitXMLReporter -->
<testsuite hostname="TXCDTL147ND5986" name="Chrome test" tests="6" failures="0" timestamp="12 Jan 2015 22:02:09 GMT" time="43.022" errors="0">
  <testcase name="testVerifyButton" time="1.19" classname="com.tek.test.patterns.VerifyComponents"/>
  <testcase name="testVerifyDropDown" time="0.551" classname="com.tek.test.patterns.VerifyComponents"/>
  <testcase name="testVerifyColorSelector" time="0.381" classname="com.tek.test.patterns.VerifyComponents"/>
  <testcase name="testVerifyAccordion" time="0.185" classname="com.tek.test.patterns.VerifyComponents"/>
  <testcase name="testVerifyButton" time="10.393" classname="com.tek.test.patterns.VerifyPatternsOnSite"/>
  <testcase name="testVerifyColorSelector" time="15.831" classname="com.tek.test.patterns.VerifyPatternsOnSite"/>
</testsuite> <!-- Chrome test -->
