<?xml version="1.0" encoding="UTF-8"?>
<!-- Generated by org.testng.reporters.JUnitXMLReporter -->
<testsuite hostname="TXCDTL147ND5986" name="Firefox test" tests="6" failures="0" timestamp="12 Jan 2015 23:09:10 GMT" time="110.452" errors="0">
  <testcase name="testVerifyButton" time="1.738" classname="com.tek.test.patterns.VerifyComponents"/>
  <testcase name="testVerifyDropDown" time="6.364" classname="com.tek.test.patterns.VerifyComponents"/>
  <testcase name="testVerifyColorSelector" time="1.044" classname="com.tek.test.patterns.VerifyComponents"/>
  <testcase name="testVerifyAccordion" time="0.132" classname="com.tek.test.patterns.VerifyComponents"/>
  <testcase name="testVerifyButton" time="11.382" classname="com.tek.test.patterns.VerifyPatternsOnSite"/>
  <testcase name="testVerifyColorSelector" time="41.201" classname="com.tek.test.patterns.VerifyPatternsOnSite"/>
</testsuite> <!-- Firefox test -->
