<?xml version="1.0" encoding="UTF-8"?>
<!-- Generated by org.testng.reporters.JUnitXMLReporter -->
<testsuite hostname="TXCDTL147ND5986" name="Firefox test" tests="9" failures="0" timestamp="14 Jan 2015 23:42:22 GMT" time="84.031" errors="0">
  <testcase name="testVerifyButton" time="1.622" classname="com.tek.test.patterns.VerifyComponents"/>
  <testcase name="testVerifyDropDown" time="5.227" classname="com.tek.test.patterns.VerifyComponents"/>
  <testcase name="testVerifyColorSelector" time="0.61" classname="com.tek.test.patterns.VerifyComponents"/>
  <testcase name="testVerifyAccordion" time="0.161" classname="com.tek.test.patterns.VerifyComponents"/>
  <testcase name="testVerifyCarousel" time="1.005" classname="com.tek.test.patterns.VerifyComponents"/>
  <testcase name="testVerifyButton" time="11.356" classname="com.tek.test.patterns.VerifyPatternsOnSite"/>
  <testcase name="testVerifyAccordian" time="12.379" classname="com.tek.test.patterns.VerifyPatternsOnSite"/>
  <testcase name="testVerifyColorSelector" time="18.472" classname="com.tek.test.patterns.VerifyPatternsOnSite"/>
  <testcase name="testVerifyCarousel" time="15.478" classname="com.tek.test.patterns.VerifyPatternsOnSite"/>
</testsuite> <!-- Firefox test -->
